<?xml version="1.0" encoding="UTF-8"?>
<testng-results skipped="0" failed="0" ignored="0" total="1" passed="1">
  <reporter-output>
  </reporter-output>
  <suite name="Default suite" duration-ms="14417" started-at="2019-09-01T05:17:15Z" finished-at="2019-09-01T05:17:29Z">
    <groups>
    </groups>
    <test name="Default test" duration-ms="14417" started-at="2019-09-01T05:17:15Z" finished-at="2019-09-01T05:17:29Z">
      <class name="parameters.ArrayListDiffWays">
        <test-method status="PASS" signature="setUp()[pri:0, instance:parameters.ArrayListDiffWays@5b275dab]" name="setUp" is-config="true" duration-ms="7089" started-at="2019-09-01T05:17:15Z" finished-at="2019-09-01T05:17:22Z">
          <reporter-output>
          </reporter-output>
        </test-method> <!-- setUp -->
        <test-method status="PASS" signature="test()[pri:0, instance:parameters.ArrayListDiffWays@5b275dab]" name="test" duration-ms="6424" started-at="2019-09-01T05:17:22Z" finished-at="2019-09-01T05:17:28Z">
          <reporter-output>
          </reporter-output>
        </test-method> <!-- test -->
        <test-method status="PASS" signature="tearDown()[pri:0, instance:parameters.ArrayListDiffWays@5b275dab]" name="tearDown" is-config="true" duration-ms="871" started-at="2019-09-01T05:17:28Z" finished-at="2019-09-01T05:17:29Z">
          <reporter-output>
          </reporter-output>
        </test-method> <!-- tearDown -->
      </class> <!-- parameters.ArrayListDiffWays -->
    </test> <!-- Default test -->
  </suite> <!-- Default suite -->
</testng-results>
